<?xml version="1.0" encoding="UTF-8"?>
<!-- Generated by org.testng.reporters.JUnitXMLReporter -->
<testsuite ignored="0" hostname="Amit" failures="0" tests="5" name="LoginTestcases" time="21.702" errors="0" timestamp="2021-05-29T09:21:03 IST">
  <testcase classname="QualityKiosksTraining.OrangeHRMTestCases.TestCases.ValidLoginCredentialsTestcase" name="TestLoginWithValidCrdentials" time="4.913"/>
  <testcase classname="QualityKiosksTraining.OrangeHRMTestCases.TestCases.InvalidLoginTestCases" name="TestLoginWithInValidCrdentials" time="0.22"/>
  <testcase classname="QualityKiosksTraining.OrangeHRMTestCases.TestCases.InvalidLoginTestCases" name="TestLoginWithInValidCrdentials" time="0.184"/>
  <testcase classname="QualityKiosksTraining.OrangeHRMTestCases.TestCases.InvalidLoginTestCases" name="TestLoginWithInValidCrdentials" time="0.161"/>
  <testcase classname="QualityKiosksTraining.OrangeHRMTestCases.TestCases.InvalidLoginTestCases" name="TestLoginWithInValidCrdentials" time="0.911"/>
</testsuite> <!-- LoginTestcases -->
