<?xml version="1.0" encoding="UTF-8"?>
<testsuite xmlns:xsi="http://www.w3.org/2001/XMLSchema-instance" xsi:noNamespaceSchemaLocation="https://maven.apache.org/surefire/maven-surefire-plugin/xsd/surefire-test-report.xsd" name="TestSuite" time="20.626" tests="5" errors="0" skipped="0" failures="0">
  <properties>
[...]
</properties>
  <testcase name="TestLoginWithValidCrdentials" classname="QualityKiosksTraining.OrangeHRMTestCases.TestCases.ValidLoginCredentialsTestcase" time="4.675"/>
  <testcase name="TestLoginWithInValidCrdentials" classname="QualityKiosksTraining.OrangeHRMTestCases.TestCases.InvalidLoginTestCases" time="0.397"/>
  <testcase name="TestLoginWithInValidCrdentials" classname="QualityKiosksTraining.OrangeHRMTestCases.TestCases.InvalidLoginTestCases" time="0.317"/>
  <testcase name="TestLoginWithInValidCrdentials" classname="QualityKiosksTraining.OrangeHRMTestCases.TestCases.InvalidLoginTestCases" time="0.235"/>
  <testcase name="TestLoginWithInValidCrdentials" classname="QualityKiosksTraining.OrangeHRMTestCases.TestCases.InvalidLoginTestCases" time="1.775"/>
</testsuite>